[35m[1mScanning dependencies of target sub_node[0m
[ 50%] [32mBuilding CXX object CMakeFiles/sub_node.dir/src/smb_pillar_collider.cpp.o[0m
[01m[K/home/utsab/Workspaces/ETH_ROS/ex3/src/smb_hl_control/src/smb_pillar_collider.cpp:[m[K In member function â€˜[01m[Kvoid smb_node::callback(const ConstPtr&)[m[Kâ€™:
[01m[K/home/utsab/Workspaces/ETH_ROS/ex3/src/smb_hl_control/src/smb_pillar_collider.cpp:62:21:[m[K [01;31m[Kerror: [m[Kâ€˜[01m[Kspeed[m[Kâ€™ was not declared in this scope; did you mean â€˜[01m[Kspeeds[m[Kâ€™?
   62 |                     [01;31m[Kspeed[m[K.linear.x=1;
      |                     [01;31m[K^~~~~[m[K
      |                     [32m[Kspeeds[m[K
make[2]: *** [CMakeFiles/sub_node.dir/build.make:63: CMakeFiles/sub_node.dir/src/smb_pillar_collider.cpp.o] Error 1
make[1]: *** [CMakeFiles/Makefile2:165: CMakeFiles/sub_node.dir/all] Error 2
make: *** [Makefile:141: all] Error 2
