[35m[1mScanning dependencies of target sub_node[0m
[ 50%] [32mBuilding CXX object CMakeFiles/sub_node.dir/src/smb_highlevel_controller.cpp.o[0m
[01m[K/home/utsab/Workspaces/ETH_ROS/ex2/src/smb_hl_control/src/smb_highlevel_controller.cpp:[m[K In function â€˜[01m[Kvoid callback(const ConstPtr&)[m[Kâ€™:
[01m[K/home/utsab/Workspaces/ETH_ROS/ex2/src/smb_hl_control/src/smb_highlevel_controller.cpp:15:31:[m[K [01;31m[Kerror: [m[Ka function-definition is not allowed here before â€˜[01m[K{[m[Kâ€™ token
   15 | int main(int argc,char** argv)[01;31m[K{[m[K
      |                               [01;31m[K^[m[K
[01m[K/home/utsab/Workspaces/ETH_ROS/ex2/src/smb_hl_control/src/smb_highlevel_controller.cpp:38:1:[m[K [01;31m[Kerror: [m[Kexpected â€˜[01m[K}[m[Kâ€™ at end of input
   38 | [01;31m[K}[m[K
      | [01;31m[K^[m[K
[01m[K/home/utsab/Workspaces/ETH_ROS/ex2/src/smb_hl_control/src/smb_highlevel_controller.cpp:4:59:[m[K [01;36m[Knote: [m[Kto match this â€˜[01m[K{[m[Kâ€™
    4 | void callback(const sensor_msgs::LaserScan::ConstPtr &msg)[01;36m[K{[m[K
      |                                                           [01;36m[K^[m[K
make[2]: *** [CMakeFiles/sub_node.dir/build.make:63: CMakeFiles/sub_node.dir/src/smb_highlevel_controller.cpp.o] Error 1
make[1]: *** [CMakeFiles/Makefile2:165: CMakeFiles/sub_node.dir/all] Error 2
make: *** [Makefile:141: all] Error 2
